TwelfthDoctor1's Apprentice Log
Apprentice Version: Developer Version 1.3.0
==================================================================================================
Creation Date: 15 February 2023 [UK] | 2023 February 15 [US]
Creation Time: 12:43:59 AM
==================================================================================================
NEW LOG ENTRIES WILL BE APPENDED BELOW. ALL DATETIME WILL FOLLOW THE UK FORMAT.
==================================================================================================
Apprentice Log under Developer Control.
==================================================================================================

[INFO: 15 February 2023 | 12:43:59 AM] JSONHandler Class @ TimeDisplay_Config | None]

JSON File (TimeDisplay_Config) already exists in /Volumes/Transfer/GitHub/TimeDisplayGUI/TimeDisplay_Config.json. Skipping...
==================================================================================================

[INFO: 15 February 2023 | 12:43:59 AM] JSONHandler Class @ TimeDisplay_Config | None]

Formulated & ascertained JSON File Data in /Volumes/Transfer/GitHub/TimeDisplayGUI/TimeDisplay_Config.json. Data can now be acquired/set with get/set functions.
==================================================================================================

[INFO: 15 February 2023 | 12:43:59 AM] JSONHandler Class @ TimeDisplay_Config | None]

Config Check: All keys accounted for. No key appending required.
==================================================================================================

[INFO: 15 February 2023 | 12:43:59 AM] JSONHandler Class @ TimeDisplay_Config | None]

JSON File (TimeDisplay_Config) already exists in /Volumes/Transfer/GitHub/TimeDisplayGUI/TimeDisplay_Config.json. Skipping...
==================================================================================================

[INFO: 15 February 2023 | 12:43:59 AM] JSONHandler Class @ TimeDisplay_Config | None]

JSON File (TimeDisplay_Config) already exists in /Volumes/Transfer/GitHub/TimeDisplayGUI/TimeDisplay_Config.json. Skipping...
==================================================================================================

[INFO: 15 February 2023 | 12:43:59 AM] JSONHandler Class @ TimeDisplay_Config | None]

Formulated & ascertained JSON File Data in /Volumes/Transfer/GitHub/TimeDisplayGUI/TimeDisplay_Config.json. Data can now be acquired/set with get/set functions.
==================================================================================================

[INFO: 15 February 2023 | 12:43:59 AM] JSONHandler Class @ TimeDisplay_Config | None]

Config Check: All keys accounted for. No key appending required.
==================================================================================================

[INFO: 15 February 2023 | 12:43:59 AM] JSONHandler Class @ TimeDisplay_Config | None]

Formulated & ascertained JSON File Data in /Volumes/Transfer/GitHub/TimeDisplayGUI/TimeDisplay_Config.json. Data can now be acquired/set with get/set functions.
==================================================================================================

[INFO: 15 February 2023 | 12:43:59 AM] JSONHandler Class @ TimeDisplay_Config | None]

JSON File has been updated. All previous data entries have been overridden.
==================================================================================================