TwelfthDoctor1's Apprentice Log - TimeDisplay
Apprentice Version: Developer Version 1.5.0
==================================================================================================
Creation Date: 24 April 2025 [UK] | 2025 April 24 [US]
Creation Time: 12:11:26 PM
==================================================================================================
NEW LOG ENTRIES WILL BE APPENDED BELOW. ALL DATETIME WILL FOLLOW THE UK FORMAT.
==================================================================================================
Apprentice Log under Developer Control.
==================================================================================================

[INFO: 24 April 2025 | 12:11:27 PM] JSONHandler Class @ TimeDisplay_Config | None]

File creation of Log at: /Volumes/Transfer/GitHub/TimeDisplayGUI/TimeDisplay_Apprentice_Log.log
==================================================================================================

[INFO: 24 April 2025 | 12:11:27 PM] JSONHandler Class @ TimeDisplay_Config | None]

JSON File (TimeDisplay_Config) already exists in /Users/twelfthdoctor1/TimeDisplay_Config.json. Skipping...
==================================================================================================

[INFO: 24 April 2025 | 12:11:27 PM] JSONHandler Class @ TimeDisplay_Config | None]

Formulated & ascertained JSON File Data in /Users/twelfthdoctor1/TimeDisplay_Config.json. Data can now be acquired/set with get/set functions.
==================================================================================================

[INFO: 24 April 2025 | 12:11:27 PM] JSONHandler Class @ TimeDisplay_Config | None]

Config Check: All keys accounted for. No key appending required.
==================================================================================================

[INFO: 24 April 2025 | 12:11:27 PM] JSONHandler Class @ TimeDisplay_Config | None]

JSON File (TimeDisplay_Config) already exists in /Users/twelfthdoctor1/TimeDisplay_Config.json. Skipping...
==================================================================================================

[INFO: 24 April 2025 | 12:11:28 PM] JSONHandler Class @ TimeDisplay_Config | None]

File creation of Log at: /Volumes/Transfer/GitHub/TimeDisplayGUI/TimeDisplay_Apprentice_Log.log
==================================================================================================

[INFO: 24 April 2025 | 12:11:28 PM] JSONHandler Class @ TimeDisplay_Config | None]

JSON File (TimeDisplay_Config) already exists in /Users/twelfthdoctor1/TimeDisplay_Config.json. Skipping...
==================================================================================================

[INFO: 24 April 2025 | 12:11:28 PM] JSONHandler Class @ TimeDisplay_Config | None]

Formulated & ascertained JSON File Data in /Users/twelfthdoctor1/TimeDisplay_Config.json. Data can now be acquired/set with get/set functions.
==================================================================================================

[INFO: 24 April 2025 | 12:11:28 PM] JSONHandler Class @ TimeDisplay_Config | None]

Config Check: All keys accounted for. No key appending required.
==================================================================================================

[INFO: 24 April 2025 | 12:11:28 PM] JSONHandler Class @ TimeDisplay_Config | None]

Formulated & ascertained JSON File Data in /Users/twelfthdoctor1/TimeDisplay_Config.json. Data can now be acquired/set with get/set functions.
==================================================================================================

[INFO: 24 April 2025 | 12:11:28 PM] JSONHandler Class @ TimeDisplay_Config | None]

JSON File has been updated. All previous data entries have been overridden.
==================================================================================================

[INFO: 24 April 2025 | 12:11:34 PM] JSONHandler Class @ TimeDisplay_Config | None]

JSON File has been updated. All previous data entries have been overridden.
==================================================================================================

[INFO: 24 April 2025 | 12:11:40 PM] JSONHandler Class @ TimeDisplay_Config | None]

JSON File has been updated. All previous data entries have been overridden.
==================================================================================================