TwelfthDoctor1's Apprentice Log - TimeDisplay
Apprentice Version: Developer Version 1.6.0
==================================================================================================
Creation Date: 18 September 2025 [UK] | September 18 2025 [US]
Creation Time: 06:45:21 PM
==================================================================================================
NEW LOG ENTRIES WILL BE APPENDED BELOW. ALL DATETIME WILL FOLLOW THE UK FORMAT.
==================================================================================================
Apprentice Log under Developer Control.
==================================================================================================

[INFO: 18 September 2025 | 06:45:21 PM] JSONHandler Class @ TimeDisplay_Config | None]

File creation of Log at: /Users/twelfthdoctor1/GitHub/TimeDisplayGUI/TimeDisplay_Apprentice_Log.log
==================================================================================================

[INFO: 18 September 2025 | 06:45:21 PM] ConfigJSONHandler Class @ TimeDisplay_Config | None]

JSON File (TimeDisplay_Config) already exists in /Users/twelfthdoctor1/GitHub/TimeDisplayGUI/TimeDisplay_Config.json. Skipping...
==================================================================================================

[INFO: 18 September 2025 | 06:45:21 PM] ConfigJSONHandler Class @ TimeDisplay_Config | None]

Formulated & ascertained JSON File Data in /Users/twelfthdoctor1/GitHub/TimeDisplayGUI/TimeDisplay_Config.json. Data can now be acquired/set with get/set functions.
==================================================================================================

[INFO: 18 September 2025 | 06:45:21 PM] ConfigJSONHandler Class @ TimeDisplay_Config | None]

Config Check: All keys accounted for. No key appending required.
==================================================================================================

[INFO: 18 September 2025 | 06:45:21 PM] ConfigJSONHandler Class @ TimeDisplay_Config | None]

JSON File (TimeDisplay_Config) already exists in /Users/twelfthdoctor1/GitHub/TimeDisplayGUI/TimeDisplay_Config.json. Skipping...
==================================================================================================

[INFO: 18 September 2025 | 06:45:21 PM] JSONHandler Class @ TimeDisplay_Config | None]

File creation of Log at: /Users/twelfthdoctor1/GitHub/TimeDisplayGUI/TimeDisplay_Apprentice_Log.log
==================================================================================================

[INFO: 18 September 2025 | 06:45:21 PM] ConfigJSONHandler Class @ TimeDisplay_Config | None]

JSON File (TimeDisplay_Config) already exists in /Users/twelfthdoctor1/GitHub/TimeDisplayGUI/TimeDisplay_Config.json. Skipping...
==================================================================================================

[INFO: 18 September 2025 | 06:45:21 PM] ConfigJSONHandler Class @ TimeDisplay_Config | None]

Formulated & ascertained JSON File Data in /Users/twelfthdoctor1/GitHub/TimeDisplayGUI/TimeDisplay_Config.json. Data can now be acquired/set with get/set functions.
==================================================================================================

[INFO: 18 September 2025 | 06:45:21 PM] ConfigJSONHandler Class @ TimeDisplay_Config | None]

Config Check: All keys accounted for. No key appending required.
==================================================================================================

[INFO: 18 September 2025 | 06:45:21 PM] ConfigJSONHandler Class @ TimeDisplay_Config | None]

Formulated & ascertained JSON File Data in /Users/twelfthdoctor1/GitHub/TimeDisplayGUI/TimeDisplay_Config.json. Data can now be acquired/set with get/set functions.
==================================================================================================

[INFO: 18 September 2025 | 06:45:21 PM] ConfigJSONHandler Class @ TimeDisplay_Config | None]

JSON File has been updated. All previous data entries have been overridden.

JSON ENTRY:
{
    "darkMode": true,
    "fontSize12Hr": 50,
    "fontSizeDate": 30,
    "fontSizeTime": 70,
    "fontType": "LTAIdentity",
    "fontWeight": "Normal",
    "framelessWindowBar": false,
    "is24Hr": false,
    "isFloating": false,
    "memHWindowSize": 413,
    "memVWindowSize": 195,
    "showDate": false,
    "showHr12": true,
    "showSecs": true,
    "useBoldFont": false,
    "useNativeTheme": true,
    "windowVisibility": 100
}
==================================================================================================

[INFO: 18 September 2025 | 06:45:24 PM] ConfigJSONHandler Class @ TimeDisplay_Config | None]

JSON File has been updated. All previous data entries have been overridden.

JSON ENTRY:
{
    "darkMode": true,
    "fontSize12Hr": 50,
    "fontSizeDate": 30,
    "fontSizeTime": 70,
    "fontType": "LTAIdentity",
    "fontWeight": "Normal",
    "framelessWindowBar": false,
    "is24Hr": false,
    "isFloating": false,
    "memHWindowSize": 411,
    "memVWindowSize": 189,
    "showDate": false,
    "showHr12": true,
    "showSecs": true,
    "useBoldFont": false,
    "useNativeTheme": true,
    "windowVisibility": 100
}
==================================================================================================

[INFO: 18 September 2025 | 06:45:24 PM] ConfigJSONHandler Class @ TimeDisplay_Config | None]

JSON File has been updated. All previous data entries have been overridden.

JSON ENTRY:
{
    "darkMode": true,
    "fontSize12Hr": 50,
    "fontSizeDate": 30,
    "fontSizeTime": 70,
    "fontType": "LTAIdentity",
    "fontWeight": "Normal",
    "framelessWindowBar": false,
    "is24Hr": false,
    "isFloating": false,
    "memHWindowSize": 411,
    "memVWindowSize": 185,
    "showDate": false,
    "showHr12": true,
    "showSecs": true,
    "useBoldFont": false,
    "useNativeTheme": true,
    "windowVisibility": 100
}
==================================================================================================

[INFO: 18 September 2025 | 06:45:24 PM] ConfigJSONHandler Class @ TimeDisplay_Config | None]

JSON File has been updated. All previous data entries have been overridden.

JSON ENTRY:
{
    "darkMode": true,
    "fontSize12Hr": 50,
    "fontSizeDate": 30,
    "fontSizeTime": 70,
    "fontType": "LTAIdentity",
    "fontWeight": "Normal",
    "framelessWindowBar": false,
    "is24Hr": false,
    "isFloating": false,
    "memHWindowSize": 410,
    "memVWindowSize": 184,
    "showDate": false,
    "showHr12": true,
    "showSecs": true,
    "useBoldFont": false,
    "useNativeTheme": true,
    "windowVisibility": 100
}
==================================================================================================

[INFO: 18 September 2025 | 06:45:24 PM] ConfigJSONHandler Class @ TimeDisplay_Config | None]

JSON File has been updated. All previous data entries have been overridden.

JSON ENTRY:
{
    "darkMode": true,
    "fontSize12Hr": 50,
    "fontSizeDate": 30,
    "fontSizeTime": 70,
    "fontType": "LTAIdentity",
    "fontWeight": "Normal",
    "framelessWindowBar": false,
    "is24Hr": false,
    "isFloating": false,
    "memHWindowSize": 410,
    "memVWindowSize": 182,
    "showDate": false,
    "showHr12": true,
    "showSecs": true,
    "useBoldFont": false,
    "useNativeTheme": true,
    "windowVisibility": 100
}
==================================================================================================

[INFO: 18 September 2025 | 06:45:24 PM] ConfigJSONHandler Class @ TimeDisplay_Config | None]

JSON File has been updated. All previous data entries have been overridden.

JSON ENTRY:
{
    "darkMode": true,
    "fontSize12Hr": 50,
    "fontSizeDate": 30,
    "fontSizeTime": 70,
    "fontType": "LTAIdentity",
    "fontWeight": "Normal",
    "framelessWindowBar": false,
    "is24Hr": false,
    "isFloating": false,
    "memHWindowSize": 410,
    "memVWindowSize": 181,
    "showDate": false,
    "showHr12": true,
    "showSecs": true,
    "useBoldFont": false,
    "useNativeTheme": true,
    "windowVisibility": 100
}
==================================================================================================

[INFO: 18 September 2025 | 06:45:24 PM] ConfigJSONHandler Class @ TimeDisplay_Config | None]

JSON File has been updated. All previous data entries have been overridden.

JSON ENTRY:
{
    "darkMode": true,
    "fontSize12Hr": 50,
    "fontSizeDate": 30,
    "fontSizeTime": 70,
    "fontType": "LTAIdentity",
    "fontWeight": "Normal",
    "framelessWindowBar": false,
    "is24Hr": false,
    "isFloating": false,
    "memHWindowSize": 410,
    "memVWindowSize": 180,
    "showDate": false,
    "showHr12": true,
    "showSecs": true,
    "useBoldFont": false,
    "useNativeTheme": true,
    "windowVisibility": 100
}
==================================================================================================

[INFO: 18 September 2025 | 06:45:24 PM] ConfigJSONHandler Class @ TimeDisplay_Config | None]

JSON File has been updated. All previous data entries have been overridden.

JSON ENTRY:
{
    "darkMode": true,
    "fontSize12Hr": 50,
    "fontSizeDate": 30,
    "fontSizeTime": 70,
    "fontType": "LTAIdentity",
    "fontWeight": "Normal",
    "framelessWindowBar": false,
    "is24Hr": false,
    "isFloating": false,
    "memHWindowSize": 410,
    "memVWindowSize": 179,
    "showDate": false,
    "showHr12": true,
    "showSecs": true,
    "useBoldFont": false,
    "useNativeTheme": true,
    "windowVisibility": 100
}
==================================================================================================

[INFO: 18 September 2025 | 06:45:24 PM] ConfigJSONHandler Class @ TimeDisplay_Config | None]

JSON File has been updated. All previous data entries have been overridden.

JSON ENTRY:
{
    "darkMode": true,
    "fontSize12Hr": 50,
    "fontSizeDate": 30,
    "fontSizeTime": 70,
    "fontType": "LTAIdentity",
    "fontWeight": "Normal",
    "framelessWindowBar": false,
    "is24Hr": false,
    "isFloating": false,
    "memHWindowSize": 409,
    "memVWindowSize": 178,
    "showDate": false,
    "showHr12": true,
    "showSecs": true,
    "useBoldFont": false,
    "useNativeTheme": true,
    "windowVisibility": 100
}
==================================================================================================

[INFO: 18 September 2025 | 06:45:24 PM] ConfigJSONHandler Class @ TimeDisplay_Config | None]

JSON File has been updated. All previous data entries have been overridden.

JSON ENTRY:
{
    "darkMode": true,
    "fontSize12Hr": 50,
    "fontSizeDate": 30,
    "fontSizeTime": 70,
    "fontType": "LTAIdentity",
    "fontWeight": "Normal",
    "framelessWindowBar": false,
    "is24Hr": false,
    "isFloating": false,
    "memHWindowSize": 409,
    "memVWindowSize": 176,
    "showDate": false,
    "showHr12": true,
    "showSecs": true,
    "useBoldFont": false,
    "useNativeTheme": true,
    "windowVisibility": 100
}
==================================================================================================

[INFO: 18 September 2025 | 06:45:24 PM] ConfigJSONHandler Class @ TimeDisplay_Config | None]

JSON File has been updated. All previous data entries have been overridden.

JSON ENTRY:
{
    "darkMode": true,
    "fontSize12Hr": 50,
    "fontSizeDate": 30,
    "fontSizeTime": 70,
    "fontType": "LTAIdentity",
    "fontWeight": "Normal",
    "framelessWindowBar": false,
    "is24Hr": false,
    "isFloating": false,
    "memHWindowSize": 409,
    "memVWindowSize": 175,
    "showDate": false,
    "showHr12": true,
    "showSecs": true,
    "useBoldFont": false,
    "useNativeTheme": true,
    "windowVisibility": 100
}
==================================================================================================

[INFO: 18 September 2025 | 06:45:24 PM] ConfigJSONHandler Class @ TimeDisplay_Config | None]

JSON File has been updated. All previous data entries have been overridden.

JSON ENTRY:
{
    "darkMode": true,
    "fontSize12Hr": 50,
    "fontSizeDate": 30,
    "fontSizeTime": 70,
    "fontType": "LTAIdentity",
    "fontWeight": "Normal",
    "framelessWindowBar": false,
    "is24Hr": false,
    "isFloating": false,
    "memHWindowSize": 409,
    "memVWindowSize": 174,
    "showDate": false,
    "showHr12": true,
    "showSecs": true,
    "useBoldFont": false,
    "useNativeTheme": true,
    "windowVisibility": 100
}
==================================================================================================

[INFO: 18 September 2025 | 06:45:24 PM] ConfigJSONHandler Class @ TimeDisplay_Config | None]

JSON File has been updated. All previous data entries have been overridden.

JSON ENTRY:
{
    "darkMode": true,
    "fontSize12Hr": 50,
    "fontSizeDate": 30,
    "fontSizeTime": 70,
    "fontType": "LTAIdentity",
    "fontWeight": "Normal",
    "framelessWindowBar": false,
    "is24Hr": false,
    "isFloating": false,
    "memHWindowSize": 409,
    "memVWindowSize": 173,
    "showDate": false,
    "showHr12": true,
    "showSecs": true,
    "useBoldFont": false,
    "useNativeTheme": true,
    "windowVisibility": 100
}
==================================================================================================

[INFO: 18 September 2025 | 06:45:24 PM] ConfigJSONHandler Class @ TimeDisplay_Config | None]

JSON File has been updated. All previous data entries have been overridden.

JSON ENTRY:
{
    "darkMode": true,
    "fontSize12Hr": 50,
    "fontSizeDate": 30,
    "fontSizeTime": 70,
    "fontType": "LTAIdentity",
    "fontWeight": "Normal",
    "framelessWindowBar": false,
    "is24Hr": false,
    "isFloating": false,
    "memHWindowSize": 409,
    "memVWindowSize": 172,
    "showDate": false,
    "showHr12": true,
    "showSecs": true,
    "useBoldFont": false,
    "useNativeTheme": true,
    "windowVisibility": 100
}
==================================================================================================

[INFO: 18 September 2025 | 06:45:24 PM] ConfigJSONHandler Class @ TimeDisplay_Config | None]

JSON File has been updated. All previous data entries have been overridden.

JSON ENTRY:
{
    "darkMode": true,
    "fontSize12Hr": 50,
    "fontSizeDate": 30,
    "fontSizeTime": 70,
    "fontType": "LTAIdentity",
    "fontWeight": "Normal",
    "framelessWindowBar": false,
    "is24Hr": false,
    "isFloating": false,
    "memHWindowSize": 409,
    "memVWindowSize": 171,
    "showDate": false,
    "showHr12": true,
    "showSecs": true,
    "useBoldFont": false,
    "useNativeTheme": true,
    "windowVisibility": 100
}
==================================================================================================

[INFO: 18 September 2025 | 06:45:24 PM] ConfigJSONHandler Class @ TimeDisplay_Config | None]

JSON File has been updated. All previous data entries have been overridden.

JSON ENTRY:
{
    "darkMode": true,
    "fontSize12Hr": 50,
    "fontSizeDate": 30,
    "fontSizeTime": 70,
    "fontType": "LTAIdentity",
    "fontWeight": "Normal",
    "framelessWindowBar": false,
    "is24Hr": false,
    "isFloating": false,
    "memHWindowSize": 409,
    "memVWindowSize": 170,
    "showDate": false,
    "showHr12": true,
    "showSecs": true,
    "useBoldFont": false,
    "useNativeTheme": true,
    "windowVisibility": 100
}
==================================================================================================

[INFO: 18 September 2025 | 06:45:24 PM] ConfigJSONHandler Class @ TimeDisplay_Config | None]

JSON File has been updated. All previous data entries have been overridden.

JSON ENTRY:
{
    "darkMode": true,
    "fontSize12Hr": 50,
    "fontSizeDate": 30,
    "fontSizeTime": 70,
    "fontType": "LTAIdentity",
    "fontWeight": "Normal",
    "framelessWindowBar": false,
    "is24Hr": false,
    "isFloating": false,
    "memHWindowSize": 409,
    "memVWindowSize": 169,
    "showDate": false,
    "showHr12": true,
    "showSecs": true,
    "useBoldFont": false,
    "useNativeTheme": true,
    "windowVisibility": 100
}
==================================================================================================

[INFO: 18 September 2025 | 06:45:24 PM] ConfigJSONHandler Class @ TimeDisplay_Config | None]

JSON File has been updated. All previous data entries have been overridden.

JSON ENTRY:
{
    "darkMode": true,
    "fontSize12Hr": 50,
    "fontSizeDate": 30,
    "fontSizeTime": 70,
    "fontType": "LTAIdentity",
    "fontWeight": "Normal",
    "framelessWindowBar": false,
    "is24Hr": false,
    "isFloating": false,
    "memHWindowSize": 409,
    "memVWindowSize": 168,
    "showDate": false,
    "showHr12": true,
    "showSecs": true,
    "useBoldFont": false,
    "useNativeTheme": true,
    "windowVisibility": 100
}
==================================================================================================

[INFO: 18 September 2025 | 06:45:24 PM] ConfigJSONHandler Class @ TimeDisplay_Config | None]

JSON File has been updated. All previous data entries have been overridden.

JSON ENTRY:
{
    "darkMode": true,
    "fontSize12Hr": 50,
    "fontSizeDate": 30,
    "fontSizeTime": 70,
    "fontType": "LTAIdentity",
    "fontWeight": "Normal",
    "framelessWindowBar": false,
    "is24Hr": false,
    "isFloating": false,
    "memHWindowSize": 409,
    "memVWindowSize": 167,
    "showDate": false,
    "showHr12": true,
    "showSecs": true,
    "useBoldFont": false,
    "useNativeTheme": true,
    "windowVisibility": 100
}
==================================================================================================

[INFO: 18 September 2025 | 06:45:24 PM] ConfigJSONHandler Class @ TimeDisplay_Config | None]

JSON File has been updated. All previous data entries have been overridden.

JSON ENTRY:
{
    "darkMode": true,
    "fontSize12Hr": 50,
    "fontSizeDate": 30,
    "fontSizeTime": 70,
    "fontType": "LTAIdentity",
    "fontWeight": "Normal",
    "framelessWindowBar": false,
    "is24Hr": false,
    "isFloating": false,
    "memHWindowSize": 409,
    "memVWindowSize": 164,
    "showDate": false,
    "showHr12": true,
    "showSecs": true,
    "useBoldFont": false,
    "useNativeTheme": true,
    "windowVisibility": 100
}
==================================================================================================

[INFO: 18 September 2025 | 06:45:24 PM] ConfigJSONHandler Class @ TimeDisplay_Config | None]

JSON File has been updated. All previous data entries have been overridden.

JSON ENTRY:
{
    "darkMode": true,
    "fontSize12Hr": 50,
    "fontSizeDate": 30,
    "fontSizeTime": 70,
    "fontType": "LTAIdentity",
    "fontWeight": "Normal",
    "framelessWindowBar": false,
    "is24Hr": false,
    "isFloating": false,
    "memHWindowSize": 409,
    "memVWindowSize": 163,
    "showDate": false,
    "showHr12": true,
    "showSecs": true,
    "useBoldFont": false,
    "useNativeTheme": true,
    "windowVisibility": 100
}
==================================================================================================

[INFO: 18 September 2025 | 06:45:24 PM] ConfigJSONHandler Class @ TimeDisplay_Config | None]

JSON File has been updated. All previous data entries have been overridden.

JSON ENTRY:
{
    "darkMode": true,
    "fontSize12Hr": 50,
    "fontSizeDate": 30,
    "fontSizeTime": 70,
    "fontType": "LTAIdentity",
    "fontWeight": "Normal",
    "framelessWindowBar": false,
    "is24Hr": false,
    "isFloating": false,
    "memHWindowSize": 409,
    "memVWindowSize": 162,
    "showDate": false,
    "showHr12": true,
    "showSecs": true,
    "useBoldFont": false,
    "useNativeTheme": true,
    "windowVisibility": 100
}
==================================================================================================

[INFO: 18 September 2025 | 06:45:24 PM] ConfigJSONHandler Class @ TimeDisplay_Config | None]

JSON File has been updated. All previous data entries have been overridden.

JSON ENTRY:
{
    "darkMode": true,
    "fontSize12Hr": 50,
    "fontSizeDate": 30,
    "fontSizeTime": 70,
    "fontType": "LTAIdentity",
    "fontWeight": "Normal",
    "framelessWindowBar": false,
    "is24Hr": false,
    "isFloating": false,
    "memHWindowSize": 409,
    "memVWindowSize": 161,
    "showDate": false,
    "showHr12": true,
    "showSecs": true,
    "useBoldFont": false,
    "useNativeTheme": true,
    "windowVisibility": 100
}
==================================================================================================

[INFO: 18 September 2025 | 06:45:24 PM] ConfigJSONHandler Class @ TimeDisplay_Config | None]

JSON File has been updated. All previous data entries have been overridden.

JSON ENTRY:
{
    "darkMode": true,
    "fontSize12Hr": 50,
    "fontSizeDate": 30,
    "fontSizeTime": 70,
    "fontType": "LTAIdentity",
    "fontWeight": "Normal",
    "framelessWindowBar": false,
    "is24Hr": false,
    "isFloating": false,
    "memHWindowSize": 409,
    "memVWindowSize": 160,
    "showDate": false,
    "showHr12": true,
    "showSecs": true,
    "useBoldFont": false,
    "useNativeTheme": true,
    "windowVisibility": 100
}
==================================================================================================

[INFO: 18 September 2025 | 06:45:24 PM] ConfigJSONHandler Class @ TimeDisplay_Config | None]

JSON File has been updated. All previous data entries have been overridden.

JSON ENTRY:
{
    "darkMode": true,
    "fontSize12Hr": 50,
    "fontSizeDate": 30,
    "fontSizeTime": 70,
    "fontType": "LTAIdentity",
    "fontWeight": "Normal",
    "framelessWindowBar": false,
    "is24Hr": false,
    "isFloating": false,
    "memHWindowSize": 409,
    "memVWindowSize": 159,
    "showDate": false,
    "showHr12": true,
    "showSecs": true,
    "useBoldFont": false,
    "useNativeTheme": true,
    "windowVisibility": 100
}
==================================================================================================

[INFO: 18 September 2025 | 06:45:24 PM] ConfigJSONHandler Class @ TimeDisplay_Config | None]

JSON File has been updated. All previous data entries have been overridden.

JSON ENTRY:
{
    "darkMode": true,
    "fontSize12Hr": 50,
    "fontSizeDate": 30,
    "fontSizeTime": 70,
    "fontType": "LTAIdentity",
    "fontWeight": "Normal",
    "framelessWindowBar": false,
    "is24Hr": false,
    "isFloating": false,
    "memHWindowSize": 409,
    "memVWindowSize": 158,
    "showDate": false,
    "showHr12": true,
    "showSecs": true,
    "useBoldFont": false,
    "useNativeTheme": true,
    "windowVisibility": 100
}
==================================================================================================

[INFO: 18 September 2025 | 06:45:24 PM] ConfigJSONHandler Class @ TimeDisplay_Config | None]

JSON File has been updated. All previous data entries have been overridden.

JSON ENTRY:
{
    "darkMode": true,
    "fontSize12Hr": 50,
    "fontSizeDate": 30,
    "fontSizeTime": 70,
    "fontType": "LTAIdentity",
    "fontWeight": "Normal",
    "framelessWindowBar": false,
    "is24Hr": false,
    "isFloating": false,
    "memHWindowSize": 409,
    "memVWindowSize": 157,
    "showDate": false,
    "showHr12": true,
    "showSecs": true,
    "useBoldFont": false,
    "useNativeTheme": true,
    "windowVisibility": 100
}
==================================================================================================

[INFO: 18 September 2025 | 06:45:24 PM] ConfigJSONHandler Class @ TimeDisplay_Config | None]

JSON File has been updated. All previous data entries have been overridden.

JSON ENTRY:
{
    "darkMode": true,
    "fontSize12Hr": 50,
    "fontSizeDate": 30,
    "fontSizeTime": 70,
    "fontType": "LTAIdentity",
    "fontWeight": "Normal",
    "framelessWindowBar": false,
    "is24Hr": false,
    "isFloating": false,
    "memHWindowSize": 409,
    "memVWindowSize": 156,
    "showDate": false,
    "showHr12": true,
    "showSecs": true,
    "useBoldFont": false,
    "useNativeTheme": true,
    "windowVisibility": 100
}
==================================================================================================

[INFO: 18 September 2025 | 06:45:24 PM] ConfigJSONHandler Class @ TimeDisplay_Config | None]

JSON File has been updated. All previous data entries have been overridden.

JSON ENTRY:
{
    "darkMode": true,
    "fontSize12Hr": 50,
    "fontSizeDate": 30,
    "fontSizeTime": 70,
    "fontType": "LTAIdentity",
    "fontWeight": "Normal",
    "framelessWindowBar": false,
    "is24Hr": false,
    "isFloating": false,
    "memHWindowSize": 409,
    "memVWindowSize": 154,
    "showDate": false,
    "showHr12": true,
    "showSecs": true,
    "useBoldFont": false,
    "useNativeTheme": true,
    "windowVisibility": 100
}
==================================================================================================

[INFO: 18 September 2025 | 06:45:24 PM] ConfigJSONHandler Class @ TimeDisplay_Config | None]

JSON File has been updated. All previous data entries have been overridden.

JSON ENTRY:
{
    "darkMode": true,
    "fontSize12Hr": 50,
    "fontSizeDate": 30,
    "fontSizeTime": 70,
    "fontType": "LTAIdentity",
    "fontWeight": "Normal",
    "framelessWindowBar": false,
    "is24Hr": false,
    "isFloating": false,
    "memHWindowSize": 409,
    "memVWindowSize": 153,
    "showDate": false,
    "showHr12": true,
    "showSecs": true,
    "useBoldFont": false,
    "useNativeTheme": true,
    "windowVisibility": 100
}
==================================================================================================

[INFO: 18 September 2025 | 06:45:24 PM] ConfigJSONHandler Class @ TimeDisplay_Config | None]

JSON File has been updated. All previous data entries have been overridden.

JSON ENTRY:
{
    "darkMode": true,
    "fontSize12Hr": 50,
    "fontSizeDate": 30,
    "fontSizeTime": 70,
    "fontType": "LTAIdentity",
    "fontWeight": "Normal",
    "framelessWindowBar": false,
    "is24Hr": false,
    "isFloating": false,
    "memHWindowSize": 409,
    "memVWindowSize": 152,
    "showDate": false,
    "showHr12": true,
    "showSecs": true,
    "useBoldFont": false,
    "useNativeTheme": true,
    "windowVisibility": 100
}
==================================================================================================

[INFO: 18 September 2025 | 06:45:24 PM] ConfigJSONHandler Class @ TimeDisplay_Config | None]

JSON File has been updated. All previous data entries have been overridden.

JSON ENTRY:
{
    "darkMode": true,
    "fontSize12Hr": 50,
    "fontSizeDate": 30,
    "fontSizeTime": 70,
    "fontType": "LTAIdentity",
    "fontWeight": "Normal",
    "framelessWindowBar": false,
    "is24Hr": false,
    "isFloating": false,
    "memHWindowSize": 409,
    "memVWindowSize": 150,
    "showDate": false,
    "showHr12": true,
    "showSecs": true,
    "useBoldFont": false,
    "useNativeTheme": true,
    "windowVisibility": 100
}
==================================================================================================

[INFO: 18 September 2025 | 06:45:24 PM] ConfigJSONHandler Class @ TimeDisplay_Config | None]

JSON File has been updated. All previous data entries have been overridden.

JSON ENTRY:
{
    "darkMode": true,
    "fontSize12Hr": 50,
    "fontSizeDate": 30,
    "fontSizeTime": 70,
    "fontType": "LTAIdentity",
    "fontWeight": "Normal",
    "framelessWindowBar": false,
    "is24Hr": false,
    "isFloating": false,
    "memHWindowSize": 409,
    "memVWindowSize": 149,
    "showDate": false,
    "showHr12": true,
    "showSecs": true,
    "useBoldFont": false,
    "useNativeTheme": true,
    "windowVisibility": 100
}
==================================================================================================

[INFO: 18 September 2025 | 06:45:24 PM] ConfigJSONHandler Class @ TimeDisplay_Config | None]

JSON File has been updated. All previous data entries have been overridden.

JSON ENTRY:
{
    "darkMode": true,
    "fontSize12Hr": 50,
    "fontSizeDate": 30,
    "fontSizeTime": 70,
    "fontType": "LTAIdentity",
    "fontWeight": "Normal",
    "framelessWindowBar": false,
    "is24Hr": false,
    "isFloating": false,
    "memHWindowSize": 409,
    "memVWindowSize": 148,
    "showDate": false,
    "showHr12": true,
    "showSecs": true,
    "useBoldFont": false,
    "useNativeTheme": true,
    "windowVisibility": 100
}
==================================================================================================

[INFO: 18 September 2025 | 06:45:24 PM] ConfigJSONHandler Class @ TimeDisplay_Config | None]

JSON File has been updated. All previous data entries have been overridden.

JSON ENTRY:
{
    "darkMode": true,
    "fontSize12Hr": 50,
    "fontSizeDate": 30,
    "fontSizeTime": 70,
    "fontType": "LTAIdentity",
    "fontWeight": "Normal",
    "framelessWindowBar": false,
    "is24Hr": false,
    "isFloating": false,
    "memHWindowSize": 409,
    "memVWindowSize": 147,
    "showDate": false,
    "showHr12": true,
    "showSecs": true,
    "useBoldFont": false,
    "useNativeTheme": true,
    "windowVisibility": 100
}
==================================================================================================

[INFO: 18 September 2025 | 06:45:24 PM] ConfigJSONHandler Class @ TimeDisplay_Config | None]

JSON File has been updated. All previous data entries have been overridden.

JSON ENTRY:
{
    "darkMode": true,
    "fontSize12Hr": 50,
    "fontSizeDate": 30,
    "fontSizeTime": 70,
    "fontType": "LTAIdentity",
    "fontWeight": "Normal",
    "framelessWindowBar": false,
    "is24Hr": false,
    "isFloating": false,
    "memHWindowSize": 409,
    "memVWindowSize": 146,
    "showDate": false,
    "showHr12": true,
    "showSecs": true,
    "useBoldFont": false,
    "useNativeTheme": true,
    "windowVisibility": 100
}
==================================================================================================

[INFO: 18 September 2025 | 06:45:24 PM] ConfigJSONHandler Class @ TimeDisplay_Config | None]

JSON File has been updated. All previous data entries have been overridden.

JSON ENTRY:
{
    "darkMode": true,
    "fontSize12Hr": 50,
    "fontSizeDate": 30,
    "fontSizeTime": 70,
    "fontType": "LTAIdentity",
    "fontWeight": "Normal",
    "framelessWindowBar": false,
    "is24Hr": false,
    "isFloating": false,
    "memHWindowSize": 409,
    "memVWindowSize": 144,
    "showDate": false,
    "showHr12": true,
    "showSecs": true,
    "useBoldFont": false,
    "useNativeTheme": true,
    "windowVisibility": 100
}
==================================================================================================

[INFO: 18 September 2025 | 06:45:24 PM] ConfigJSONHandler Class @ TimeDisplay_Config | None]

JSON File has been updated. All previous data entries have been overridden.

JSON ENTRY:
{
    "darkMode": true,
    "fontSize12Hr": 50,
    "fontSizeDate": 30,
    "fontSizeTime": 70,
    "fontType": "LTAIdentity",
    "fontWeight": "Normal",
    "framelessWindowBar": false,
    "is24Hr": false,
    "isFloating": false,
    "memHWindowSize": 409,
    "memVWindowSize": 143,
    "showDate": false,
    "showHr12": true,
    "showSecs": true,
    "useBoldFont": false,
    "useNativeTheme": true,
    "windowVisibility": 100
}
==================================================================================================

[INFO: 18 September 2025 | 06:45:24 PM] ConfigJSONHandler Class @ TimeDisplay_Config | None]

JSON File has been updated. All previous data entries have been overridden.

JSON ENTRY:
{
    "darkMode": true,
    "fontSize12Hr": 50,
    "fontSizeDate": 30,
    "fontSizeTime": 70,
    "fontType": "LTAIdentity",
    "fontWeight": "Normal",
    "framelessWindowBar": false,
    "is24Hr": false,
    "isFloating": false,
    "memHWindowSize": 409,
    "memVWindowSize": 142,
    "showDate": false,
    "showHr12": true,
    "showSecs": true,
    "useBoldFont": false,
    "useNativeTheme": true,
    "windowVisibility": 100
}
==================================================================================================

[INFO: 18 September 2025 | 06:45:24 PM] ConfigJSONHandler Class @ TimeDisplay_Config | None]

JSON File has been updated. All previous data entries have been overridden.

JSON ENTRY:
{
    "darkMode": true,
    "fontSize12Hr": 50,
    "fontSizeDate": 30,
    "fontSizeTime": 70,
    "fontType": "LTAIdentity",
    "fontWeight": "Normal",
    "framelessWindowBar": false,
    "is24Hr": false,
    "isFloating": false,
    "memHWindowSize": 409,
    "memVWindowSize": 140,
    "showDate": false,
    "showHr12": true,
    "showSecs": true,
    "useBoldFont": false,
    "useNativeTheme": true,
    "windowVisibility": 100
}
==================================================================================================

[INFO: 18 September 2025 | 06:45:24 PM] ConfigJSONHandler Class @ TimeDisplay_Config | None]

JSON File has been updated. All previous data entries have been overridden.

JSON ENTRY:
{
    "darkMode": true,
    "fontSize12Hr": 50,
    "fontSizeDate": 30,
    "fontSizeTime": 70,
    "fontType": "LTAIdentity",
    "fontWeight": "Normal",
    "framelessWindowBar": false,
    "is24Hr": false,
    "isFloating": false,
    "memHWindowSize": 409,
    "memVWindowSize": 139,
    "showDate": false,
    "showHr12": true,
    "showSecs": true,
    "useBoldFont": false,
    "useNativeTheme": true,
    "windowVisibility": 100
}
==================================================================================================

[INFO: 18 September 2025 | 06:45:24 PM] ConfigJSONHandler Class @ TimeDisplay_Config | None]

JSON File has been updated. All previous data entries have been overridden.

JSON ENTRY:
{
    "darkMode": true,
    "fontSize12Hr": 50,
    "fontSizeDate": 30,
    "fontSizeTime": 70,
    "fontType": "LTAIdentity",
    "fontWeight": "Normal",
    "framelessWindowBar": false,
    "is24Hr": false,
    "isFloating": false,
    "memHWindowSize": 409,
    "memVWindowSize": 138,
    "showDate": false,
    "showHr12": true,
    "showSecs": true,
    "useBoldFont": false,
    "useNativeTheme": true,
    "windowVisibility": 100
}
==================================================================================================

[INFO: 18 September 2025 | 06:45:24 PM] ConfigJSONHandler Class @ TimeDisplay_Config | None]

JSON File has been updated. All previous data entries have been overridden.

JSON ENTRY:
{
    "darkMode": true,
    "fontSize12Hr": 50,
    "fontSizeDate": 30,
    "fontSizeTime": 70,
    "fontType": "LTAIdentity",
    "fontWeight": "Normal",
    "framelessWindowBar": false,
    "is24Hr": false,
    "isFloating": false,
    "memHWindowSize": 409,
    "memVWindowSize": 137,
    "showDate": false,
    "showHr12": true,
    "showSecs": true,
    "useBoldFont": false,
    "useNativeTheme": true,
    "windowVisibility": 100
}
==================================================================================================

[INFO: 18 September 2025 | 06:45:24 PM] ConfigJSONHandler Class @ TimeDisplay_Config | None]

JSON File has been updated. All previous data entries have been overridden.

JSON ENTRY:
{
    "darkMode": true,
    "fontSize12Hr": 50,
    "fontSizeDate": 30,
    "fontSizeTime": 70,
    "fontType": "LTAIdentity",
    "fontWeight": "Normal",
    "framelessWindowBar": false,
    "is24Hr": false,
    "isFloating": false,
    "memHWindowSize": 409,
    "memVWindowSize": 135,
    "showDate": false,
    "showHr12": true,
    "showSecs": true,
    "useBoldFont": false,
    "useNativeTheme": true,
    "windowVisibility": 100
}
==================================================================================================

[INFO: 18 September 2025 | 06:45:24 PM] ConfigJSONHandler Class @ TimeDisplay_Config | None]

JSON File has been updated. All previous data entries have been overridden.

JSON ENTRY:
{
    "darkMode": true,
    "fontSize12Hr": 50,
    "fontSizeDate": 30,
    "fontSizeTime": 70,
    "fontType": "LTAIdentity",
    "fontWeight": "Normal",
    "framelessWindowBar": false,
    "is24Hr": false,
    "isFloating": false,
    "memHWindowSize": 409,
    "memVWindowSize": 134,
    "showDate": false,
    "showHr12": true,
    "showSecs": true,
    "useBoldFont": false,
    "useNativeTheme": true,
    "windowVisibility": 100
}
==================================================================================================

[INFO: 18 September 2025 | 06:45:24 PM] ConfigJSONHandler Class @ TimeDisplay_Config | None]

JSON File has been updated. All previous data entries have been overridden.

JSON ENTRY:
{
    "darkMode": true,
    "fontSize12Hr": 50,
    "fontSizeDate": 30,
    "fontSizeTime": 70,
    "fontType": "LTAIdentity",
    "fontWeight": "Normal",
    "framelessWindowBar": false,
    "is24Hr": false,
    "isFloating": false,
    "memHWindowSize": 410,
    "memVWindowSize": 133,
    "showDate": false,
    "showHr12": true,
    "showSecs": true,
    "useBoldFont": false,
    "useNativeTheme": true,
    "windowVisibility": 100
}
==================================================================================================

[INFO: 18 September 2025 | 06:45:24 PM] ConfigJSONHandler Class @ TimeDisplay_Config | None]

JSON File has been updated. All previous data entries have been overridden.

JSON ENTRY:
{
    "darkMode": true,
    "fontSize12Hr": 50,
    "fontSizeDate": 30,
    "fontSizeTime": 70,
    "fontType": "LTAIdentity",
    "fontWeight": "Normal",
    "framelessWindowBar": false,
    "is24Hr": false,
    "isFloating": false,
    "memHWindowSize": 410,
    "memVWindowSize": 131,
    "showDate": false,
    "showHr12": true,
    "showSecs": true,
    "useBoldFont": false,
    "useNativeTheme": true,
    "windowVisibility": 100
}
==================================================================================================

[INFO: 18 September 2025 | 06:45:24 PM] ConfigJSONHandler Class @ TimeDisplay_Config | None]

JSON File has been updated. All previous data entries have been overridden.

JSON ENTRY:
{
    "darkMode": true,
    "fontSize12Hr": 50,
    "fontSizeDate": 30,
    "fontSizeTime": 70,
    "fontType": "LTAIdentity",
    "fontWeight": "Normal",
    "framelessWindowBar": false,
    "is24Hr": false,
    "isFloating": false,
    "memHWindowSize": 410,
    "memVWindowSize": 130,
    "showDate": false,
    "showHr12": true,
    "showSecs": true,
    "useBoldFont": false,
    "useNativeTheme": true,
    "windowVisibility": 100
}
==================================================================================================

[INFO: 18 September 2025 | 06:45:24 PM] ConfigJSONHandler Class @ TimeDisplay_Config | None]

JSON File has been updated. All previous data entries have been overridden.

JSON ENTRY:
{
    "darkMode": true,
    "fontSize12Hr": 50,
    "fontSizeDate": 30,
    "fontSizeTime": 70,
    "fontType": "LTAIdentity",
    "fontWeight": "Normal",
    "framelessWindowBar": false,
    "is24Hr": false,
    "isFloating": false,
    "memHWindowSize": 410,
    "memVWindowSize": 129,
    "showDate": false,
    "showHr12": true,
    "showSecs": true,
    "useBoldFont": false,
    "useNativeTheme": true,
    "windowVisibility": 100
}
==================================================================================================

[INFO: 18 September 2025 | 06:45:24 PM] ConfigJSONHandler Class @ TimeDisplay_Config | None]

JSON File has been updated. All previous data entries have been overridden.

JSON ENTRY:
{
    "darkMode": true,
    "fontSize12Hr": 50,
    "fontSizeDate": 30,
    "fontSizeTime": 70,
    "fontType": "LTAIdentity",
    "fontWeight": "Normal",
    "framelessWindowBar": false,
    "is24Hr": false,
    "isFloating": false,
    "memHWindowSize": 410,
    "memVWindowSize": 128,
    "showDate": false,
    "showHr12": true,
    "showSecs": true,
    "useBoldFont": false,
    "useNativeTheme": true,
    "windowVisibility": 100
}
==================================================================================================

[INFO: 18 September 2025 | 06:45:24 PM] ConfigJSONHandler Class @ TimeDisplay_Config | None]

JSON File has been updated. All previous data entries have been overridden.

JSON ENTRY:
{
    "darkMode": true,
    "fontSize12Hr": 50,
    "fontSizeDate": 30,
    "fontSizeTime": 70,
    "fontType": "LTAIdentity",
    "fontWeight": "Normal",
    "framelessWindowBar": false,
    "is24Hr": false,
    "isFloating": false,
    "memHWindowSize": 410,
    "memVWindowSize": 127,
    "showDate": false,
    "showHr12": true,
    "showSecs": true,
    "useBoldFont": false,
    "useNativeTheme": true,
    "windowVisibility": 100
}
==================================================================================================

[INFO: 18 September 2025 | 06:45:24 PM] ConfigJSONHandler Class @ TimeDisplay_Config | None]

JSON File has been updated. All previous data entries have been overridden.

JSON ENTRY:
{
    "darkMode": true,
    "fontSize12Hr": 50,
    "fontSizeDate": 30,
    "fontSizeTime": 70,
    "fontType": "LTAIdentity",
    "fontWeight": "Normal",
    "framelessWindowBar": false,
    "is24Hr": false,
    "isFloating": false,
    "memHWindowSize": 410,
    "memVWindowSize": 126,
    "showDate": false,
    "showHr12": true,
    "showSecs": true,
    "useBoldFont": false,
    "useNativeTheme": true,
    "windowVisibility": 100
}
==================================================================================================

[INFO: 18 September 2025 | 06:45:24 PM] ConfigJSONHandler Class @ TimeDisplay_Config | None]

JSON File has been updated. All previous data entries have been overridden.

JSON ENTRY:
{
    "darkMode": true,
    "fontSize12Hr": 50,
    "fontSizeDate": 30,
    "fontSizeTime": 70,
    "fontType": "LTAIdentity",
    "fontWeight": "Normal",
    "framelessWindowBar": false,
    "is24Hr": false,
    "isFloating": false,
    "memHWindowSize": 410,
    "memVWindowSize": 125,
    "showDate": false,
    "showHr12": true,
    "showSecs": true,
    "useBoldFont": false,
    "useNativeTheme": true,
    "windowVisibility": 100
}
==================================================================================================

[INFO: 18 September 2025 | 06:45:24 PM] ConfigJSONHandler Class @ TimeDisplay_Config | None]

JSON File has been updated. All previous data entries have been overridden.

JSON ENTRY:
{
    "darkMode": true,
    "fontSize12Hr": 50,
    "fontSizeDate": 30,
    "fontSizeTime": 70,
    "fontType": "LTAIdentity",
    "fontWeight": "Normal",
    "framelessWindowBar": false,
    "is24Hr": false,
    "isFloating": false,
    "memHWindowSize": 410,
    "memVWindowSize": 124,
    "showDate": false,
    "showHr12": true,
    "showSecs": true,
    "useBoldFont": false,
    "useNativeTheme": true,
    "windowVisibility": 100
}
==================================================================================================

[INFO: 18 September 2025 | 06:45:24 PM] ConfigJSONHandler Class @ TimeDisplay_Config | None]

JSON File has been updated. All previous data entries have been overridden.

JSON ENTRY:
{
    "darkMode": true,
    "fontSize12Hr": 50,
    "fontSizeDate": 30,
    "fontSizeTime": 70,
    "fontType": "LTAIdentity",
    "fontWeight": "Normal",
    "framelessWindowBar": false,
    "is24Hr": false,
    "isFloating": false,
    "memHWindowSize": 411,
    "memVWindowSize": 124,
    "showDate": false,
    "showHr12": true,
    "showSecs": true,
    "useBoldFont": false,
    "useNativeTheme": true,
    "windowVisibility": 100
}
==================================================================================================

[INFO: 18 September 2025 | 06:45:24 PM] ConfigJSONHandler Class @ TimeDisplay_Config | None]

JSON File has been updated. All previous data entries have been overridden.

JSON ENTRY:
{
    "darkMode": true,
    "fontSize12Hr": 50,
    "fontSizeDate": 30,
    "fontSizeTime": 70,
    "fontType": "LTAIdentity",
    "fontWeight": "Normal",
    "framelessWindowBar": false,
    "is24Hr": false,
    "isFloating": false,
    "memHWindowSize": 412,
    "memVWindowSize": 124,
    "showDate": false,
    "showHr12": true,
    "showSecs": true,
    "useBoldFont": false,
    "useNativeTheme": true,
    "windowVisibility": 100
}
==================================================================================================

[INFO: 18 September 2025 | 06:45:24 PM] ConfigJSONHandler Class @ TimeDisplay_Config | None]

JSON File has been updated. All previous data entries have been overridden.

JSON ENTRY:
{
    "darkMode": true,
    "fontSize12Hr": 50,
    "fontSizeDate": 30,
    "fontSizeTime": 70,
    "fontType": "LTAIdentity",
    "fontWeight": "Normal",
    "framelessWindowBar": false,
    "is24Hr": false,
    "isFloating": false,
    "memHWindowSize": 413,
    "memVWindowSize": 124,
    "showDate": false,
    "showHr12": true,
    "showSecs": true,
    "useBoldFont": false,
    "useNativeTheme": true,
    "windowVisibility": 100
}
==================================================================================================