TwelfthDoctor1's Master Log - TimeDisplay
Apprentice Version: Developer Version 1.6.0
==================================================================================================
Creation Date: 18 September 2025 [UK] | September 18 2025 [US]
Creation Time: 06:45:28 PM
==================================================================================================
NEW LOG ENTRIES WILL BE APPENDED BELOW. ALL DATETIME WILL FOLLOW THE UK FORMAT.
==================================================================================================
MASTER LOG IS USED UNDER THE DIGRESSION OF TWELFTHDOCTOR1 UNDER THE USAGE OF DEBUG & TESTING.
==================================================================================================

[INFO: 18 September 2025 | 06:45:28 PM] JSONHandler Class @ TimeDisplay_Config | None]

File creation of Log at: /Users/twelfthdoctor1/GitHub/TimeDisplayGUI/TimeDisplay_Master_Log.log
==================================================================================================

[INFO: 18 September 2025 | 06:45:28 PM] JSONHandler Class @ TimeDisplay_Config | None]

DEBUG: CHECK -> fontType
==================================================================================================

[INFO: 18 September 2025 | 06:45:28 PM] JSONHandler Class @ TimeDisplay_Config | None]

DEBUG: CHECK -> is24Hr
==================================================================================================

[INFO: 18 September 2025 | 06:45:28 PM] JSONHandler Class @ TimeDisplay_Config | None]

DEBUG: CHECK -> darkMode
==================================================================================================

[INFO: 18 September 2025 | 06:45:28 PM] JSONHandler Class @ TimeDisplay_Config | None]

DEBUG: CHECK -> isFloating
==================================================================================================

[INFO: 18 September 2025 | 06:45:28 PM] JSONHandler Class @ TimeDisplay_Config | None]

DEBUG: CHECK -> fontSizeTime
==================================================================================================

[INFO: 18 September 2025 | 06:45:28 PM] JSONHandler Class @ TimeDisplay_Config | None]

DEBUG: CHECK -> fontSize12Hr
==================================================================================================

[INFO: 18 September 2025 | 06:45:28 PM] JSONHandler Class @ TimeDisplay_Config | None]

DEBUG: CHECK -> fontSizeDate
==================================================================================================

[INFO: 18 September 2025 | 06:45:28 PM] JSONHandler Class @ TimeDisplay_Config | None]

DEBUG: CHECK -> showHr12
==================================================================================================

[INFO: 18 September 2025 | 06:45:28 PM] JSONHandler Class @ TimeDisplay_Config | None]

DEBUG: CHECK -> showSecs
==================================================================================================

[INFO: 18 September 2025 | 06:45:28 PM] JSONHandler Class @ TimeDisplay_Config | None]

DEBUG: CHECK -> showDate
==================================================================================================

[INFO: 18 September 2025 | 06:45:28 PM] JSONHandler Class @ TimeDisplay_Config | None]

DEBUG: CHECK -> memHWindowSize
==================================================================================================

[INFO: 18 September 2025 | 06:45:28 PM] JSONHandler Class @ TimeDisplay_Config | None]

DEBUG: CHECK -> memVWindowSize
==================================================================================================

[INFO: 18 September 2025 | 06:45:28 PM] JSONHandler Class @ TimeDisplay_Config | None]

DEBUG: CHECK -> windowVisibility
==================================================================================================

[INFO: 18 September 2025 | 06:45:28 PM] JSONHandler Class @ TimeDisplay_Config | None]

DEBUG: CHECK -> framelessWindowBar
==================================================================================================

[INFO: 18 September 2025 | 06:45:28 PM] JSONHandler Class @ TimeDisplay_Config | None]

DEBUG: CHECK -> useNativeTheme
==================================================================================================

[INFO: 18 September 2025 | 06:45:28 PM] JSONHandler Class @ TimeDisplay_Config | None]

DEBUG: CHECK -> useBoldFont
==================================================================================================

[INFO: 18 September 2025 | 06:45:28 PM] JSONHandler Class @ TimeDisplay_Config | None]

DEBUG: CHECK -> fontWeight
==================================================================================================

[INFO: 18 September 2025 | 06:45:28 PM] JSONHandler Class @ TimeDisplay_Config | None]

DEBUG: KEY CHECK MISSING 0 KEYS: None
==================================================================================================

[INFO: 18 September 2025 | 06:45:28 PM] JSONHandler Class @ TimeDisplay_Config | None]

File creation of Log at: /Users/twelfthdoctor1/GitHub/TimeDisplayGUI/TimeDisplay_Master_Log.log
==================================================================================================

[INFO: 18 September 2025 | 06:45:28 PM] JSONHandler Class @ TimeDisplay_Config | None]

DEBUG: CHECK -> fontType
==================================================================================================

[INFO: 18 September 2025 | 06:45:28 PM] JSONHandler Class @ TimeDisplay_Config | None]

DEBUG: CHECK -> is24Hr
==================================================================================================

[INFO: 18 September 2025 | 06:45:28 PM] JSONHandler Class @ TimeDisplay_Config | None]

DEBUG: CHECK -> darkMode
==================================================================================================

[INFO: 18 September 2025 | 06:45:28 PM] JSONHandler Class @ TimeDisplay_Config | None]

DEBUG: CHECK -> isFloating
==================================================================================================

[INFO: 18 September 2025 | 06:45:28 PM] JSONHandler Class @ TimeDisplay_Config | None]

DEBUG: CHECK -> fontSizeTime
==================================================================================================

[INFO: 18 September 2025 | 06:45:28 PM] JSONHandler Class @ TimeDisplay_Config | None]

DEBUG: CHECK -> fontSize12Hr
==================================================================================================

[INFO: 18 September 2025 | 06:45:28 PM] JSONHandler Class @ TimeDisplay_Config | None]

DEBUG: CHECK -> fontSizeDate
==================================================================================================

[INFO: 18 September 2025 | 06:45:28 PM] JSONHandler Class @ TimeDisplay_Config | None]

DEBUG: CHECK -> showHr12
==================================================================================================

[INFO: 18 September 2025 | 06:45:28 PM] JSONHandler Class @ TimeDisplay_Config | None]

DEBUG: CHECK -> showSecs
==================================================================================================

[INFO: 18 September 2025 | 06:45:28 PM] JSONHandler Class @ TimeDisplay_Config | None]

DEBUG: CHECK -> showDate
==================================================================================================

[INFO: 18 September 2025 | 06:45:28 PM] JSONHandler Class @ TimeDisplay_Config | None]

DEBUG: CHECK -> memHWindowSize
==================================================================================================

[INFO: 18 September 2025 | 06:45:28 PM] JSONHandler Class @ TimeDisplay_Config | None]

DEBUG: CHECK -> memVWindowSize
==================================================================================================

[INFO: 18 September 2025 | 06:45:28 PM] JSONHandler Class @ TimeDisplay_Config | None]

DEBUG: CHECK -> windowVisibility
==================================================================================================

[INFO: 18 September 2025 | 06:45:28 PM] JSONHandler Class @ TimeDisplay_Config | None]

DEBUG: CHECK -> framelessWindowBar
==================================================================================================

[INFO: 18 September 2025 | 06:45:28 PM] JSONHandler Class @ TimeDisplay_Config | None]

DEBUG: CHECK -> useNativeTheme
==================================================================================================

[INFO: 18 September 2025 | 06:45:28 PM] JSONHandler Class @ TimeDisplay_Config | None]

DEBUG: CHECK -> useBoldFont
==================================================================================================

[INFO: 18 September 2025 | 06:45:28 PM] JSONHandler Class @ TimeDisplay_Config | None]

DEBUG: CHECK -> fontWeight
==================================================================================================

[INFO: 18 September 2025 | 06:45:28 PM] JSONHandler Class @ TimeDisplay_Config | None]

DEBUG: KEY CHECK MISSING 0 KEYS: None
==================================================================================================